{
  "RSpec": {
    "coverage": {
      "/Users/colinosborn/Turing/1module/Projects/black_thursday/lib/sales_engine.rb": [
        1,
        1,
        1,
        1,
        1,
        1,
        1,
        null,
        1,
        1,
        null,
        null,
        null,
        null,
        null,
        null,
        null,
        1,
        null,
        null,
        null,
        110,
        null,
        110,
        null,
        110,
        null,
        110,
        null,
        110,
        56,
        110,
        null,
        null,
        null,
        1,
        null,
        110,
        null,
        110,
        null,
        110,
        null,
        110,
        null,
        110,
        null,
        110,
        null,
        110,
        null,
        null,
        null,
        1,
        495,
        null,
        null
      ],
      "/Users/colinosborn/Turing/1module/Projects/black_thursday/lib/item_repository.rb": [
        1,
        1,
        null,
        1,
        null,
        1,
        null,
        null,
        1,
        110,
        null,
        110,
        3438,
        null,
        null,
        null,
        1,
        0,
        null,
        null,
        1,
        86,
        null,
        null,
        1,
        12,
        160,
        null,
        null,
        1,
        30,
        null,
        null,
        1,
        2,
        38,
        null,
        null,
        null,
        1,
        40,
        null,
        null,
        1,
        40,
        null,
        null,
        1,
        86,
        1720,
        null,
        null
      ],
      "/Users/colinosborn/Turing/1module/Projects/black_thursday/lib/item.rb": [
        1,
        null,
        1,
        1,
        null,
        null,
        1,
        3438,
        3438,
        null,
        null,
        1,
        2,
        null,
        null,
        1,
        151,
        null,
        null,
        1,
        30,
        null,
        null,
        1,
        39,
        null,
        null,
        1,
        1332,
        1332,
        null,
        null,
        1,
        1640,
        null,
        null,
        1,
        1,
        null,
        null,
        1,
        1,
        null,
        null,
        1,
        1,
        null,
        null,
        null
      ],
      "/Users/colinosborn/Turing/1module/Projects/black_thursday/lib/merchant_repository.rb": [
        1,
        1,
        1,
        null,
        1,
        1,
        null,
        null,
        1,
        110,
        null,
        null,
        110,
        1565,
        null,
        110,
        null,
        null,
        1,
        0,
        null,
        null,
        1,
        43,
        null,
        null,
        1,
        213,
        null,
        null,
        1,
        3,
        12,
        null,
        null,
        null,
        1,
        2,
        20,
        null,
        null,
        null,
        null
      ],
      "/Users/colinosborn/Turing/1module/Projects/black_thursday/lib/merchant.rb": [
        1,
        1,
        null,
        1,
        1,
        null,
        null,
        1,
        1565,
        1565,
        null,
        null,
        1,
        359,
        null,
        null,
        1,
        34,
        null,
        null,
        1,
        83,
        null,
        null,
        1,
        71,
        null,
        null,
        1,
        1,
        null,
        null,
        1,
        4,
        null,
        null,
        1,
        null,
        1,
        2,
        null,
        null,
        null
      ],
      "/Users/colinosborn/Turing/1module/Projects/black_thursday/lib/invoice_repository.rb": [
        1,
        null,
        1,
        null,
        1,
        null,
        null,
        1,
        92,
        null,
        92,
        920,
        null,
        null,
        null,
        1,
        0,
        null,
        null,
        1,
        38,
        null,
        null,
        1,
        18,
        null,
        null,
        1,
        33,
        null,
        null,
        1,
        825,
        null,
        null,
        1,
        11,
        null,
        null
      ],
      "/Users/colinosborn/Turing/1module/Projects/black_thursday/lib/invoice.rb": [
        1,
        null,
        1,
        1,
        null,
        null,
        1,
        920,
        920,
        null,
        null,
        1,
        21,
        null,
        null,
        1,
        37,
        null,
        null,
        1,
        765,
        null,
        null,
        1,
        41,
        null,
        null,
        1,
        31,
        null,
        null,
        1,
        1,
        null,
        null,
        1,
        1,
        null,
        null,
        1,
        2,
        null,
        null,
        1,
        null,
        8,
        1,
        null,
        null,
        1,
        2,
        null,
        null,
        1,
        1,
        null,
        null,
        1,
        2,
        null,
        null,
        1,
        null,
        8,
        1,
        null,
        null
      ],
      "/Users/colinosborn/Turing/1module/Projects/black_thursday/lib/invoice_item_repository.rb": [
        1,
        null,
        1,
        1,
        null,
        null,
        1,
        66,
        null,
        66,
        660,
        null,
        null,
        null,
        1,
        0,
        null,
        null,
        1,
        10,
        null,
        null,
        1,
        2,
        null,
        null,
        1,
        22,
        null,
        null,
        1,
        4,
        40,
        null,
        null,
        null,
        1,
        1,
        1,
        10,
        null,
        null,
        null
      ],
      "/Users/colinosborn/Turing/1module/Projects/black_thursday/lib/invoice_item.rb": [
        1,
        null,
        1,
        1,
        null,
        null,
        1,
        660,
        660,
        null,
        null,
        1,
        2,
        null,
        null,
        1,
        29,
        null,
        null,
        1,
        41,
        null,
        null,
        1,
        9,
        null,
        null,
        1,
        10,
        10,
        null,
        null,
        1,
        11,
        null,
        null,
        1,
        1,
        null,
        null,
        1,
        1,
        null,
        null
      ],
      "/Users/colinosborn/Turing/1module/Projects/black_thursday/lib/transaction_repository.rb": [
        1,
        1,
        null,
        1,
        1,
        null,
        null,
        1,
        61,
        null,
        61,
        610,
        null,
        null,
        null,
        1,
        0,
        null,
        null,
        1,
        10,
        null,
        null,
        1,
        2,
        null,
        null,
        1,
        4,
        40,
        null,
        null,
        null,
        1,
        2,
        20,
        null,
        null,
        null,
        1,
        2,
        20,
        null,
        null,
        null
      ],
      "/Users/colinosborn/Turing/1module/Projects/black_thursday/lib/transaction.rb": [
        1,
        null,
        1,
        1,
        null,
        null,
        1,
        610,
        610,
        null,
        null,
        1,
        2,
        null,
        null,
        1,
        43,
        null,
        null,
        1,
        21,
        null,
        null,
        1,
        1,
        null,
        null,
        1,
        22,
        null,
        null,
        1,
        1,
        null,
        null,
        1,
        1,
        null,
        null,
        1,
        1,
        null,
        null
      ],
      "/Users/colinosborn/Turing/1module/Projects/black_thursday/lib/customer_repository.rb": [
        1,
        1,
        null,
        1,
        1,
        null,
        null,
        1,
        56,
        null,
        56,
        560,
        null,
        null,
        null,
        1,
        0,
        null,
        null,
        1,
        8,
        null,
        null,
        1,
        9,
        null,
        null,
        1,
        4,
        40,
        null,
        null,
        null,
        1,
        4,
        40,
        null,
        null,
        null
      ],
      "/Users/colinosborn/Turing/1module/Projects/black_thursday/lib/customer.rb": [
        1,
        null,
        1,
        1,
        null,
        null,
        1,
        560,
        560,
        null,
        null,
        1,
        8,
        null,
        null,
        1,
        41,
        null,
        null,
        1,
        41,
        null,
        null,
        1,
        1,
        null,
        null,
        1,
        1,
        null,
        null,
        1,
        1,
        null,
        null,
        1,
        9,
        null,
        null,
        1,
        null,
        1,
        7,
        null,
        null,
        null
      ],
      "/Users/colinosborn/Turing/1module/Projects/black_thursday/test/customer_test.rb": [
        1,
        1,
        1,
        1,
        1,
        1,
        1,
        null,
        1,
        1,
        null,
        null,
        1,
        6,
        null,
        null,
        null,
        null,
        null,
        null,
        null,
        null,
        6,
        6,
        null,
        null,
        1,
        1,
        null,
        null,
        1,
        1,
        null,
        null,
        1,
        1,
        null,
        null,
        1,
        1,
        null,
        null,
        1,
        1,
        null,
        null,
        1,
        1,
        null,
        1,
        1,
        1,
        null,
        null
      ],
      "/Users/colinosborn/Turing/1module/Projects/black_thursday/test/invoice_item_repository_test.rb": [
        1,
        1,
        1,
        1,
        1,
        1,
        null,
        null,
        1,
        1,
        1,
        5,
        null,
        null,
        null,
        null,
        null,
        null,
        5,
        null,
        null,
        1,
        1,
        1,
        null,
        null,
        1,
        1,
        null,
        null,
        1,
        1,
        1,
        null,
        null,
        1,
        1,
        1,
        null,
        null,
        1,
        1,
        null,
        null
      ],
      "/Users/colinosborn/Turing/1module/Projects/black_thursday/test/invoice_item_test.rb": [
        1,
        1,
        1,
        1,
        1,
        1,
        1,
        null,
        null,
        1,
        1,
        null,
        null,
        1,
        8,
        null,
        null,
        null,
        null,
        null,
        null,
        null,
        null,
        8,
        8,
        null,
        null,
        null,
        1,
        1,
        null,
        null,
        1,
        1,
        null,
        null,
        1,
        1,
        null,
        null,
        1,
        1,
        null,
        null,
        1,
        1,
        null,
        null,
        1,
        1,
        null,
        null,
        1,
        1,
        null,
        null,
        1,
        1,
        null,
        null
      ],
      "/Users/colinosborn/Turing/1module/Projects/black_thursday/test/invoice_repository_test.rb": [
        1,
        1,
        1,
        1,
        1,
        1,
        null,
        1,
        1,
        null,
        1,
        6,
        null,
        null,
        null,
        null,
        null,
        6,
        null,
        null,
        null,
        1,
        1,
        null,
        null,
        1,
        1,
        1,
        null,
        null,
        1,
        1,
        1,
        null,
        null,
        1,
        1,
        1,
        null,
        1,
        1,
        null,
        1,
        null,
        null,
        1,
        1,
        1,
        null,
        1,
        1,
        null,
        1,
        null,
        null,
        1,
        1,
        null,
        1,
        1,
        1,
        null,
        null
      ],
      "/Users/colinosborn/Turing/1module/Projects/black_thursday/test/invoice_test.rb": [
        1,
        1,
        1,
        1,
        1,
        1,
        null,
        1,
        null,
        1,
        null,
        1,
        13,
        null,
        null,
        null,
        null,
        null,
        null,
        null,
        null,
        13,
        13,
        null,
        null,
        1,
        1,
        null,
        null,
        1,
        1,
        null,
        null,
        1,
        1,
        null,
        null,
        1,
        1,
        null,
        null,
        1,
        1,
        null,
        null,
        1,
        1,
        null,
        null,
        1,
        1,
        1,
        null,
        1,
        1,
        1,
        null,
        null,
        1,
        1,
        1,
        null,
        null,
        1,
        1,
        null,
        1,
        1,
        1,
        1,
        null,
        null,
        1,
        1,
        1,
        null,
        1,
        1,
        1,
        null,
        null,
        1,
        1,
        null,
        1,
        1,
        null,
        null,
        1,
        1,
        1,
        null,
        null,
        1,
        1,
        null,
        null
      ],
      "/Users/colinosborn/Turing/1module/Projects/black_thursday/test/item_repository_test.rb": [
        1,
        1,
        1,
        1,
        1,
        1,
        null,
        1,
        1,
        null,
        1,
        9,
        null,
        null,
        null,
        null,
        9,
        null,
        null,
        null,
        1,
        1,
        null,
        null,
        1,
        1,
        null,
        null,
        1,
        1,
        null,
        null,
        1,
        1,
        1,
        1,
        null,
        null,
        1,
        1,
        1,
        1,
        null,
        null,
        1,
        1,
        1,
        1,
        1,
        null,
        1,
        null,
        1,
        1,
        null,
        null,
        1,
        1,
        1,
        1,
        1,
        null,
        1,
        1,
        1,
        null,
        null,
        1,
        1,
        1,
        1,
        1,
        null,
        1,
        1,
        1,
        null,
        null,
        1,
        1,
        1,
        1,
        1,
        null,
        1,
        1,
        1,
        null,
        null
      ],
      "/Users/colinosborn/Turing/1module/Projects/black_thursday/test/item_test.rb": [
        1,
        1,
        1,
        1,
        1,
        1,
        1,
        null,
        1,
        1,
        null,
        1,
        10,
        null,
        null,
        null,
        null,
        null,
        null,
        null,
        10,
        10,
        null,
        null,
        null,
        1,
        1,
        null,
        null,
        1,
        1,
        null,
        null,
        1,
        1,
        null,
        1,
        null,
        null,
        1,
        1,
        null,
        null,
        1,
        1,
        null,
        null,
        1,
        1,
        null,
        null,
        1,
        1,
        null,
        null,
        1,
        1,
        null,
        null,
        1,
        1,
        null,
        null,
        null,
        1,
        1,
        null,
        1,
        1,
        null,
        1,
        1,
        null,
        1,
        1,
        null,
        1,
        null,
        null,
        1,
        1,
        null,
        1,
        1,
        1,
        null,
        null
      ],
      "/Users/colinosborn/Turing/1module/Projects/black_thursday/test/merchant_repository_test.rb": [
        1,
        1,
        1,
        1,
        1,
        null,
        1,
        1,
        null,
        1,
        5,
        null,
        null,
        null,
        null,
        5,
        null,
        null,
        null,
        1,
        1,
        null,
        null,
        1,
        1,
        null,
        null,
        1,
        1,
        1,
        1,
        null,
        null,
        1,
        1,
        1,
        1,
        null,
        null,
        1,
        1,
        1,
        1,
        1,
        null,
        1,
        1,
        1,
        null,
        null,
        null,
        null
      ],
      "/Users/colinosborn/Turing/1module/Projects/black_thursday/test/merchant_test.rb": [
        1,
        1,
        1,
        1,
        1,
        1,
        null,
        1,
        1,
        null,
        1,
        7,
        null,
        null,
        null,
        null,
        null,
        null,
        null,
        null,
        7,
        7,
        null,
        null,
        null,
        null,
        1,
        1,
        null,
        null,
        1,
        1,
        null,
        null,
        1,
        1,
        null,
        null,
        null,
        1,
        1,
        null,
        1,
        1,
        null,
        1,
        1,
        1,
        null,
        1,
        1,
        null,
        null,
        1,
        1,
        1,
        1,
        1,
        null,
        null,
        1,
        1,
        null,
        null,
        null,
        null,
        null,
        1,
        1,
        1,
        null,
        1,
        1,
        1,
        null,
        null,
        1,
        1,
        null,
        null,
        null,
        null,
        1,
        null,
        1,
        null,
        null,
        1,
        1,
        1,
        null,
        1,
        1,
        1,
        null,
        null
      ],
      "/Users/colinosborn/Turing/1module/Projects/black_thursday/test/sales_analyst_test.rb": [
        1,
        1,
        1,
        1,
        1,
        1,
        null,
        1,
        1,
        null,
        1,
        18,
        null,
        null,
        null,
        null,
        null,
        null,
        18,
        null,
        null,
        null,
        1,
        1,
        null,
        null,
        null,
        null,
        null,
        1,
        null,
        null,
        1,
        1,
        null,
        null,
        1,
        1,
        null,
        null,
        1,
        1,
        1,
        1,
        null,
        null,
        1,
        1,
        null,
        null,
        1,
        1,
        null,
        null,
        1,
        1,
        null,
        null,
        1,
        1,
        null,
        null,
        1,
        1,
        1,
        null,
        null,
        1,
        1,
        null,
        null,
        1,
        1,
        null,
        null,
        1,
        1,
        1,
        null,
        null,
        1,
        1,
        null,
        null,
        1,
        1,
        null,
        null,
        1,
        1,
        null,
        null,
        1,
        1,
        null,
        null,
        1,
        1,
        1,
        1,
        null,
        null,
        1,
        1,
        1,
        null,
        null
      ],
      "/Users/colinosborn/Turing/1module/Projects/black_thursday/lib/sales_analyst.rb": [
        1,
        1,
        null,
        1,
        1,
        null,
        1,
        19,
        null,
        null,
        1,
        8,
        null,
        null,
        1,
        null,
        8,
        null,
        null,
        1,
        13,
        13,
        null,
        null,
        1,
        4,
        null,
        4,
        40,
        null,
        null,
        4,
        null,
        null,
        1,
        3,
        3,
        3,
        null,
        null,
        30,
        3,
        null,
        null,
        1,
        11,
        11,
        19,
        null,
        11,
        null,
        null,
        1,
        1,
        10,
        null,
        1,
        null,
        null,
        1,
        60,
        1140,
        null,
        60,
        null,
        null,
        1,
        3,
        57,
        null,
        null,
        3,
        null,
        null,
        null,
        1,
        2,
        2,
        null,
        38,
        2,
        null,
        null,
        1,
        null,
        8,
        null,
        null,
        1,
        4,
        null,
        4,
        40,
        null,
        null,
        4,
        null,
        null,
        null,
        1,
        2,
        2,
        2,
        null,
        null,
        20,
        2,
        null,
        null,
        1,
        1,
        1,
        1,
        null,
        null,
        10,
        1,
        null,
        null,
        1,
        4,
        null,
        null,
        1,
        3,
        null,
        3,
        30,
        30,
        null,
        3,
        null,
        null,
        1,
        2,
        null,
        2,
        10,
        null,
        null,
        2,
        null,
        null,
        1,
        1,
        null,
        null,
        5,
        1,
        null,
        null,
        1,
        3,
        30,
        30,
        null,
        null,
        3,
        3,
        null,
        null,
        1,
        null,
        null,
        null
      ],
      "/Users/colinosborn/Turing/1module/Projects/black_thursday/test/sales_engine_test.rb": [
        1,
        1,
        1,
        1,
        null,
        1,
        1,
        1,
        null,
        null,
        null,
        1,
        1,
        null,
        null
      ],
      "/Users/colinosborn/Turing/1module/Projects/black_thursday/test/test_helper.rb": [
        1,
        1
      ],
      "/Users/colinosborn/Turing/1module/Projects/black_thursday/test/transaction_respository_test.rb": [
        1,
        1,
        1,
        1,
        1,
        1,
        null,
        null,
        1,
        1,
        null,
        1,
        5,
        null,
        null,
        null,
        null,
        null,
        null,
        null,
        5,
        null,
        null,
        1,
        1,
        1,
        null,
        null,
        1,
        1,
        null,
        null,
        1,
        1,
        1,
        null,
        null,
        1,
        1,
        1,
        null,
        null,
        1,
        1,
        1,
        null,
        null
      ],
      "/Users/colinosborn/Turing/1module/Projects/black_thursday/test/transaction_test.rb": [
        1,
        1,
        1,
        1,
        1,
        1,
        1,
        null,
        1,
        1,
        null,
        null,
        1,
        8,
        null,
        null,
        null,
        null,
        null,
        null,
        null,
        null,
        8,
        8,
        null,
        null,
        1,
        1,
        null,
        null,
        1,
        1,
        null,
        null,
        1,
        1,
        null,
        null,
        1,
        1,
        null,
        null,
        1,
        1,
        null,
        null,
        1,
        1,
        null,
        null,
        1,
        1,
        null,
        null,
        1,
        1,
        null,
        1,
        1,
        null,
        null
      ]
    },
    "timestamp": 1457295626
  },
  "Unit Tests": {
    "coverage": {
      "/Users/colinosborn/Turing/1module/Projects/black_thursday/lib/sales_engine.rb": [
        1,
        1,
        1,
        1,
        1,
        1,
        1,
        null,
        1,
        1,
        null,
        null,
        null,
        null,
        null,
        null,
        null,
        1,
        null,
        null,
        null,
        21,
        null,
        21,
        null,
        21,
        null,
        21,
        null,
        21,
        20,
        21,
        null,
        null,
        null,
        1,
        null,
        21,
        null,
        21,
        null,
        21,
        null,
        21,
        null,
        21,
        null,
        21,
        null,
        21,
        null,
        null,
        null,
        1,
        122,
        null,
        null
      ],
      "/Users/colinosborn/Turing/1module/Projects/black_thursday/lib/item_repository.rb": [
        1,
        1,
        null,
        1,
        null,
        1,
        null,
        null,
        1,
        21,
        null,
        21,
        1747,
        null,
        null,
        null,
        1,
        4,
        null,
        null,
        1,
        73,
        null,
        null,
        1,
        0,
        0,
        null,
        null,
        1,
        0,
        null,
        null,
        1,
        0,
        0,
        null,
        null,
        null,
        1,
        0,
        null,
        null,
        1,
        0,
        null,
        null,
        1,
        81,
        1620,
        null,
        null
      ],
      "/Users/colinosborn/Turing/1module/Projects/black_thursday/lib/item.rb": [
        1,
        null,
        1,
        1,
        null,
        null,
        1,
        1747,
        1747,
        null,
        null,
        1,
        0,
        null,
        null,
        1,
        0,
        null,
        null,
        1,
        0,
        null,
        null,
        1,
        0,
        null,
        null,
        1,
        1254,
        1254,
        null,
        null,
        1,
        1539,
        null,
        null,
        1,
        0,
        null,
        null,
        1,
        0,
        null,
        null,
        1,
        0,
        null,
        null,
        null
      ],
      "/Users/colinosborn/Turing/1module/Projects/black_thursday/lib/merchant_repository.rb": [
        1,
        1,
        1,
        null,
        1,
        1,
        null,
        null,
        1,
        21,
        null,
        null,
        21,
        675,
        null,
        21,
        null,
        null,
        1,
        30,
        null,
        null,
        1,
        32,
        null,
        null,
        1,
        75,
        null,
        null,
        1,
        0,
        0,
        null,
        null,
        null,
        1,
        0,
        0,
        null,
        null,
        null,
        null
      ],
      "/Users/colinosborn/Turing/1module/Projects/black_thursday/lib/merchant.rb": [
        1,
        1,
        null,
        1,
        1,
        null,
        null,
        1,
        675,
        675,
        null,
        null,
        1,
        235,
        null,
        null,
        1,
        0,
        null,
        null,
        1,
        81,
        null,
        null,
        1,
        80,
        null,
        null,
        1,
        0,
        null,
        null,
        0,
        0,
        null,
        null,
        0,
        null,
        0,
        0,
        null,
        null,
        null
      ],
      "/Users/colinosborn/Turing/1module/Projects/black_thursday/lib/invoice_repository.rb": [
        1,
        null,
        1,
        null,
        1,
        null,
        null,
        1,
        20,
        null,
        20,
        5175,
        null,
        null,
        null,
        1,
        0,
        null,
        null,
        1,
        21,
        null,
        null,
        1,
        0,
        null,
        null,
        1,
        0,
        null,
        null,
        1,
        880,
        null,
        null,
        1,
        0,
        null,
        null,
        1,
        1,
        1,
        10,
        null,
        null,
        null
      ],
      "/Users/colinosborn/Turing/1module/Projects/black_thursday/lib/invoice.rb": [
        1,
        null,
        1,
        1,
        null,
        null,
        1,
        5175,
        5175,
        null,
        null,
        1,
        8,
        null,
        null,
        1,
        0,
        null,
        null,
        1,
        800,
        null,
        null,
        1,
        30,
        null,
        null,
        1,
        40,
        null,
        null,
        1,
        0,
        null,
        null,
        1,
        0,
        null,
        null,
        1,
        8,
        null,
        null,
        1,
        null,
        0,
        0,
        null,
        null,
        1,
        0,
        null,
        null,
        1,
        0,
        null,
        null,
        1,
        0,
        null,
        null,
        1,
        null,
        28,
        8,
        null,
        null
      ],
      "/Users/colinosborn/Turing/1module/Projects/black_thursday/lib/invoice_item_repository.rb": [
        1,
        null,
        1,
        1,
        null,
        null,
        1,
        20,
        null,
        20,
        22020,
        null,
        null,
        null,
        1,
        0,
        null,
        null,
        1,
        0,
        null,
        null,
        1,
        0,
        null,
        null,
        1,
        0,
        null,
        null,
        1,
        8,
        80,
        null,
        null,
        null
      ],
      "/Users/colinosborn/Turing/1module/Projects/black_thursday/lib/invoice_item.rb": [
        1,
        null,
        1,
        1,
        null,
        null,
        1,
        22020,
        22020,
        null,
        null,
        1,
        0,
        null,
        null,
        1,
        0,
        null,
        null,
        1,
        80,
        null,
        null,
        1,
        28,
        null,
        null,
        1,
        28,
        28,
        null,
        null,
        1,
        0,
        null,
        null,
        1,
        0,
        null,
        null,
        1,
        0,
        null,
        null
      ],
      "/Users/colinosborn/Turing/1module/Projects/black_thursday/lib/transaction_repository.rb": [
        1,
        1,
        null,
        1,
        1,
        null,
        null,
        1,
        20,
        null,
        20,
        5175,
        null,
        null,
        null,
        1,
        0,
        null,
        null,
        1,
        0,
        null,
        null,
        1,
        0,
        null,
        null,
        1,
        0,
        0,
        null,
        null,
        null,
        1,
        0,
        0,
        null,
        null,
        null,
        1,
        0,
        0,
        null,
        null,
        null
      ],
      "/Users/colinosborn/Turing/1module/Projects/black_thursday/lib/transaction.rb": [
        1,
        null,
        1,
        1,
        null,
        null,
        1,
        5175,
        5175,
        null,
        null,
        1,
        0,
        null,
        null,
        1,
        0,
        null,
        null,
        1,
        0,
        null,
        null,
        1,
        0,
        null,
        null,
        1,
        0,
        null,
        null,
        1,
        0,
        null,
        null,
        1,
        0,
        null,
        null,
        1,
        0,
        null,
        null
      ],
      "/Users/colinosborn/Turing/1module/Projects/black_thursday/lib/customer_repository.rb": [
        1,
        1,
        null,
        1,
        1,
        null,
        null,
        1,
        20,
        null,
        20,
        1190,
        null,
        null,
        null,
        1,
        0,
        null,
        null,
        1,
        0,
        null,
        null,
        1,
        0,
        null,
        null,
        1,
        0,
        0,
        null,
        null,
        null,
        1,
        0,
        0,
        null,
        null,
        null
      ],
      "/Users/colinosborn/Turing/1module/Projects/black_thursday/lib/customer.rb": [
        1,
        null,
        1,
        1,
        null,
        null,
        1,
        1190,
        1190,
        null,
        null,
        1,
        0,
        null,
        null,
        1,
        0,
        null,
        null,
        1,
        0,
        null,
        null,
        1,
        0,
        null,
        null,
        1,
        0,
        null,
        null,
        1,
        0,
        null,
        null,
        0,
        0,
        null,
        null,
        0,
        null,
        0,
        0,
        null,
        null,
        null
      ],
      "/Users/colinosborn/Turing/1module/Projects/black_thursday/lib/sales_analyst.rb": [
        1,
        1,
        null,
        1,
        1,
        null,
        1,
        21,
        null,
        null,
        1,
        9,
        null,
        null,
        1,
        null,
        8,
        null,
        null,
        1,
        13,
        13,
        null,
        null,
        1,
        4,
        null,
        4,
        40,
        null,
        null,
        4,
        null,
        null,
        1,
        3,
        3,
        3,
        null,
        null,
        30,
        3,
        null,
        null,
        1,
        11,
        11,
        19,
        null,
        11,
        null,
        null,
        1,
        1,
        10,
        null,
        1,
        null,
        null,
        1,
        60,
        1140,
        null,
        60,
        null,
        null,
        1,
        3,
        57,
        null,
        null,
        3,
        null,
        null,
        null,
        1,
        2,
        2,
        null,
        38,
        2,
        null,
        null,
        1,
        null,
        8,
        null,
        null,
        1,
        4,
        null,
        4,
        40,
        null,
        null,
        4,
        null,
        null,
        null,
        1,
        2,
        2,
        2,
        null,
        null,
        20,
        2,
        null,
        null,
        1,
        1,
        1,
        1,
        null,
        null,
        10,
        1,
        null,
        null,
        1,
        4,
        null,
        null,
        1,
        3,
        null,
        3,
        30,
        30,
        null,
        3,
        null,
        null,
        1,
        2,
        null,
        2,
        10,
        null,
        null,
        2,
        null,
        null,
        1,
        1,
        null,
        null,
        5,
        1,
        null,
        null,
        1,
        3,
        30,
        30,
        null,
        null,
        3,
        3,
        null,
        null,
        1,
        1,
        1,
        null,
        1,
        1,
        null,
        null,
        null,
        1,
        1,
        1,
        10,
        null,
        5,
        3,
        null,
        2,
        null,
        5,
        null,
        null,
        null,
        null,
        1,
        10,
        null,
        1,
        null,
        null,
        null,
        null,
        null,
        null,
        null,
        null,
        null,
        null,
        null,
        null,
        null,
        null,
        1,
        null,
        0,
        0,
        0,
        null,
        null,
        0,
        null,
        null
      ]
    },
    "timestamp": 1457313273
  }
}
